0 info it worked if it ends with ok
1 verbose cli [ 'C:\\Program Files\\nodejs\\node.exe',
1 verbose cli   'C:\\Program Files\\nodejs\\node_modules\\npm\\bin\\npm-cli.js',
1 verbose cli   'run',
1 verbose cli   'build' ]
2 info using npm@3.10.10
3 info using node@v6.10.1
4 verbose run-script [ 'prebuild', 'build', 'postbuild' ]
5 info lifecycle TOSAD@1.0.0~prebuild: TOSAD@1.0.0
6 silly lifecycle TOSAD@1.0.0~prebuild: no script for prebuild, continuing
7 info lifecycle TOSAD@1.0.0~build: TOSAD@1.0.0
8 verbose lifecycle TOSAD@1.0.0~build: unsafe-perm in lifecycle true
9 verbose lifecycle TOSAD@1.0.0~build: PATH: C:\Program Files\nodejs\node_modules\npm\bin\node-gyp-bin;C:\Users\Gebruiker\Documents\HBO-ICT\Generator\web\node_modules\.bin;C:\oraclexe\app\oracle\product\11.2.0\server\bin;;C:\ProgramData\Oracle\Java\javapath;C:\WINDOWS\system32;C:\WINDOWS;C:\WINDOWS\System32\Wbem;C:\WINDOWS\System32\WindowsPowerShell\v1.0\;C:\xampp\php;C:\ProgramData\ComposerSetup\bin;C:\Program Files (x86)\Skype\Phone\;C:\Program Files\nodejs\;C:\Program Files (x86)\GtkSharp\2.12\bin;C:\Program Files\Git\cmd;C:\Program Files (x86)\OpenSSH\bin;C:\Program Files\PuTTY\;C:\WINDOWS\System32\OpenSSH\;C:\Users\Gebruiker\AppData\Local\Microsoft\WindowsApps;C:\Users\Gebruiker\AppData\Roaming\Composer\vendor\bin;C:\Users\Gebruiker\AppData\Roaming\npm;C:\Program Files\Heroku\bin;C:\Users\Gebruiker\AppData\Local\atom\bin;%USERPROFILE%\AppData\Local\Microsoft\WindowsApps;
10 verbose lifecycle TOSAD@1.0.0~build: CWD: C:\Users\Gebruiker\Documents\HBO-ICT\Generator\web
11 silly lifecycle TOSAD@1.0.0~build: Args: [ '/d /s /c', 'webpack --config build/webpack.config.dev.js' ]
12 silly lifecycle TOSAD@1.0.0~build: Returned: code: 3221225786  signal: null
13 info lifecycle TOSAD@1.0.0~build: Failed to exec build script
14 verbose stack Error: TOSAD@1.0.0 build: `webpack --config build/webpack.config.dev.js`
14 verbose stack Exit status 3221225786
14 verbose stack     at EventEmitter.<anonymous> (C:\Program Files\nodejs\node_modules\npm\lib\utils\lifecycle.js:255:16)
14 verbose stack     at emitTwo (events.js:106:13)
14 verbose stack     at EventEmitter.emit (events.js:191:7)
14 verbose stack     at ChildProcess.<anonymous> (C:\Program Files\nodejs\node_modules\npm\lib\utils\spawn.js:40:14)
14 verbose stack     at emitTwo (events.js:106:13)
14 verbose stack     at ChildProcess.emit (events.js:191:7)
14 verbose stack     at maybeClose (internal/child_process.js:886:16)
14 verbose stack     at Process.ChildProcess._handle.onexit (internal/child_process.js:226:5)
15 verbose pkgid TOSAD@1.0.0
16 verbose cwd C:\Users\Gebruiker\Documents\HBO-ICT\Generator\web
17 error Windows_NT 10.0.17134
18 error argv "C:\\Program Files\\nodejs\\node.exe" "C:\\Program Files\\nodejs\\node_modules\\npm\\bin\\npm-cli.js" "run" "build"
19 error node v6.10.1
20 error npm  v3.10.10
21 error code ELIFECYCLE
22 error TOSAD@1.0.0 build: `webpack --config build/webpack.config.dev.js`
22 error Exit status 3221225786
23 error Failed at the TOSAD@1.0.0 build script 'webpack --config build/webpack.config.dev.js'.
23 error Make sure you have the latest version of node.js and npm installed.
23 error If you do, this is most likely a problem with the TOSAD package,
23 error not with npm itself.
23 error Tell the author that this fails on your system:
23 error     webpack --config build/webpack.config.dev.js
23 error You can get information on how to open an issue for this project with:
23 error     npm bugs TOSAD
23 error Or if that isn't available, you can get their info via:
23 error     npm owner ls TOSAD
23 error There is likely additional logging output above.
24 verbose exit [ 1, true ]
